0 info it worked if it ends with ok
1 verbose cli [ '/usr/bin/nodejs', '/usr/bin/npm', 'run', 'test' ]
2 info using npm@3.5.2
3 info using node@v4.2.6
4 verbose run-script [ 'pretest', 'test', 'posttest' ]
5 info lifecycle ecmascript@1.0.0~pretest: ecmascript@1.0.0
6 silly lifecycle ecmascript@1.0.0~pretest: no script for pretest, continuing
7 info lifecycle ecmascript@1.0.0~test: ecmascript@1.0.0
8 verbose lifecycle ecmascript@1.0.0~test: unsafe-perm in lifecycle true
9 verbose lifecycle ecmascript@1.0.0~test: PATH: /usr/share/npm/bin/node-gyp-bin:/home/mdediostuero/Documents/repositories/mdt-react/finger_exercises/ecmascript/node_modules/.bin:/home/mdediostuero/bin:/home/mdediostuero/.local/bin:/home/mdediostuero/.rvm/gems/ruby-2.4.4/bin:/home/mdediostuero/.rvm/gems/ruby-2.4.4@global/bin:/usr/share/rvm/rubies/ruby-2.4.4/bin:/home/mdediostuero/bin:/home/mdediostuero/.local/bin:/usr/local/sbin:/usr/local/bin:/usr/sbin:/usr/bin:/sbin:/bin:/usr/games:/usr/local/games:/snap/bin:/usr/lib/jvm/java-8-oracle/bin:/usr/lib/jvm/java-8-oracle/db/bin:/usr/lib/jvm/java-8-oracle/jre/bin:/home/mdediostuero/.rvm/bin:/usr/lib/jvm/java-8-oracle/bin:/usr/lib/jvm/java-8-oracle/db/bin:/usr/lib/jvm/java-8-oracle/jre/bin:/usr/share/rvm/bin:/home/mdediostuero/.rvm/bin:/home/mdediostuero/.rvm/bin:/home/mdediostuero/.rvm/bin
10 verbose lifecycle ecmascript@1.0.0~test: CWD: /home/mdediostuero/Documents/repositories/mdt-react/finger_exercises/ecmascript
11 silly lifecycle ecmascript@1.0.0~test: Args: [ '-c', 'jest .' ]
12 info lifecycle ecmascript@1.0.0~test: Failed to exec test script
13 verbose stack Error: ecmascript@1.0.0 test: `jest .`
13 verbose stack spawn ENOENT
13 verbose stack     at ChildProcess.<anonymous> (/usr/share/npm/lib/utils/spawn.js:17:16)
13 verbose stack     at emitTwo (events.js:87:13)
13 verbose stack     at ChildProcess.emit (events.js:172:7)
13 verbose stack     at maybeClose (internal/child_process.js:821:16)
13 verbose stack     at Process.ChildProcess._handle.onexit (internal/child_process.js:211:5)
14 verbose pkgid ecmascript@1.0.0
15 verbose cwd /home/mdediostuero/Documents/repositories/mdt-react/finger_exercises/ecmascript/01 - spread
16 error Linux 4.15.0-38-generic
17 error argv "/usr/bin/nodejs" "/usr/bin/npm" "run" "test"
18 error node v4.2.6
19 error npm  v3.5.2
20 error file sh
21 error code ELIFECYCLE
22 error errno ENOENT
23 error syscall spawn
24 error ecmascript@1.0.0 test: `jest .`
24 error spawn ENOENT
25 error Failed at the ecmascript@1.0.0 test script 'jest .'.
25 error Make sure you have the latest version of node.js and npm installed.
25 error If you do, this is most likely a problem with the ecmascript package,
25 error not with npm itself.
25 error Tell the author that this fails on your system:
25 error     jest .
25 error You can get information on how to open an issue for this project with:
25 error     npm bugs ecmascript
25 error Or if that isn't available, you can get their info via:
25 error     npm owner ls ecmascript
25 error There is likely additional logging output above.
26 verbose exit [ 1, true ]
